<?xml version="1.0" encoding="UTF-8"?>
<coverage generated="1496382488034" clover="3.2.0">
  <project timestamp="1496382488035" name="All files">
    <metrics statements="121" coveredstatements="77" conditionals="14" coveredconditionals="4" methods="57" coveredmethods="30" elements="192" coveredelements="111" complexity="0" loc="121" ncloc="121" packages="7" files="18" classes="18">
      <package name="reactnativefirst">
        <metrics statements="3" coveredstatements="3" conditionals="0" coveredconditionals="0" methods="2" coveredmethods="1"/>
        <file name="index.ios.js" path="/Users/hacktiv8/Desktop/ijo/reactnativefirst/index.ios.js">
          <metrics statements="3" coveredstatements="3" conditionals="0" coveredconditionals="0" methods="2" coveredmethods="1"/>
          <line num="17" count="1" type="stmt"/>
          <line num="34" count="1" type="stmt"/>
          <line num="53" count="1" type="stmt"/>
        </file>
      </package>
      <package name="reactnativefirst.src">
        <metrics statements="9" coveredstatements="9" conditionals="0" coveredconditionals="0" methods="5" coveredmethods="5"/>
        <file name="App.js" path="/Users/hacktiv8/Desktop/ijo/reactnativefirst/src/App.js">
          <metrics statements="9" coveredstatements="9" conditionals="0" coveredconditionals="0" methods="5" coveredmethods="5"/>
          <line num="22" count="1" type="stmt"/>
          <line num="31" count="1" type="stmt"/>
          <line num="32" count="1" type="stmt"/>
          <line num="36" count="1" type="stmt"/>
          <line num="69" count="1" type="stmt"/>
          <line num="70" count="1" type="stmt"/>
          <line num="71" count="1" type="stmt"/>
          <line num="72" count="1" type="stmt"/>
          <line num="76" count="1" type="stmt"/>
        </file>
      </package>
      <package name="reactnativefirst.src.actions">
        <metrics statements="21" coveredstatements="11" conditionals="0" coveredconditionals="0" methods="10" coveredmethods="4"/>
        <file name="constants.js" path="/Users/hacktiv8/Desktop/ijo/reactnativefirst/src/actions/constants.js">
          <metrics statements="2" coveredstatements="2" conditionals="0" coveredconditionals="0" methods="0" coveredmethods="0"/>
          <line num="1" count="3" type="stmt"/>
          <line num="2" count="3" type="stmt"/>
        </file>
        <file name="index.js" path="/Users/hacktiv8/Desktop/ijo/reactnativefirst/src/actions/index.js">
          <metrics statements="19" coveredstatements="9" conditionals="0" coveredconditionals="0" methods="10" coveredmethods="4"/>
          <line num="6" count="1" type="stmt"/>
          <line num="7" count="0" type="stmt"/>
          <line num="13" count="1" type="stmt"/>
          <line num="15" count="1" type="stmt"/>
          <line num="17" count="1" type="stmt"/>
          <line num="18" count="0" type="stmt"/>
          <line num="20" count="0" type="stmt"/>
          <line num="21" count="0" type="stmt"/>
          <line num="22" count="0" type="stmt"/>
          <line num="27" count="1" type="stmt"/>
          <line num="28" count="0" type="stmt"/>
          <line num="34" count="1" type="stmt"/>
          <line num="36" count="1" type="stmt"/>
          <line num="37" count="1" type="stmt"/>
          <line num="38" count="1" type="stmt"/>
          <line num="39" count="0" type="stmt"/>
          <line num="41" count="0" type="stmt"/>
          <line num="42" count="0" type="stmt"/>
          <line num="43" count="0" type="stmt"/>
        </file>
      </package>
      <package name="reactnativefirst.src.components">
        <metrics statements="68" coveredstatements="36" conditionals="8" coveredconditionals="0" methods="37" coveredmethods="17"/>
        <file name="ArenaDetail.js" path="/Users/hacktiv8/Desktop/ijo/reactnativefirst/src/components/ArenaDetail.js">
          <metrics statements="4" coveredstatements="1" conditionals="0" coveredconditionals="0" methods="2" coveredmethods="0"/>
          <line num="10" count="1" type="stmt"/>
          <line num="76" count="0" type="stmt"/>
          <line num="77" count="0" type="stmt"/>
          <line num="81" count="0" type="stmt"/>
        </file>
        <file name="ArenaList.js" path="/Users/hacktiv8/Desktop/ijo/reactnativefirst/src/components/ArenaList.js">
          <metrics statements="9" coveredstatements="6" conditionals="0" coveredconditionals="0" methods="5" coveredmethods="3"/>
          <line num="14" count="2" type="stmt"/>
          <line num="47" count="0" type="stmt"/>
          <line num="48" count="0" type="stmt"/>
          <line num="52" count="1" type="stmt"/>
          <line num="57" count="4" type="stmt"/>
          <line num="58" count="0" type="stmt"/>
          <line num="76" count="2" type="stmt"/>
          <line num="77" count="1" type="stmt"/>
          <line num="82" count="2" type="stmt"/>
        </file>
        <file name="CamCam.js" path="/Users/hacktiv8/Desktop/ijo/reactnativefirst/src/components/CamCam.js">
          <metrics statements="7" coveredstatements="1" conditionals="0" coveredconditionals="0" methods="5" coveredmethods="0"/>
          <line num="14" count="0" type="stmt"/>
          <line num="18" count="0" type="stmt"/>
          <line num="29" count="0" type="stmt"/>
          <line num="31" count="0" type="stmt"/>
          <line num="32" count="0" type="stmt"/>
          <line num="33" count="0" type="stmt"/>
          <line num="37" count="1" type="stmt"/>
        </file>
        <file name="CardDetail.js" path="/Users/hacktiv8/Desktop/ijo/reactnativefirst/src/components/CardDetail.js">
          <metrics statements="4" coveredstatements="4" conditionals="0" coveredconditionals="0" methods="2" coveredmethods="2"/>
          <line num="10" count="2" type="stmt"/>
          <line num="73" count="1" type="stmt"/>
          <line num="74" count="1" type="stmt"/>
          <line num="78" count="1" type="stmt"/>
        </file>
        <file name="CardList.js" path="/Users/hacktiv8/Desktop/ijo/reactnativefirst/src/components/CardList.js">
          <metrics statements="9" coveredstatements="6" conditionals="0" coveredconditionals="0" methods="5" coveredmethods="3"/>
          <line num="15" count="2" type="stmt"/>
          <line num="47" count="0" type="stmt"/>
          <line num="48" count="0" type="stmt"/>
          <line num="52" count="1" type="stmt"/>
          <line num="57" count="6" type="stmt"/>
          <line num="58" count="0" type="stmt"/>
          <line num="76" count="2" type="stmt"/>
          <line num="77" count="1" type="stmt"/>
          <line num="82" count="2" type="stmt"/>
        </file>
        <file name="CardListV2.js" path="/Users/hacktiv8/Desktop/ijo/reactnativefirst/src/components/CardListV2.js">
          <metrics statements="14" coveredstatements="9" conditionals="2" coveredconditionals="0" methods="8" coveredmethods="4"/>
          <line num="15" count="1" type="stmt"/>
          <line num="51" count="1" type="stmt"/>
          <line num="54" count="1" type="stmt"/>
          <line num="57" count="1" type="stmt"/>
          <line num="66" count="0" type="stmt"/>
          <line num="67" count="0" type="cond" truecount="0" falsecount="2"/>
          <line num="68" count="0" type="stmt"/>
          <line num="75" count="0" type="stmt"/>
          <line num="76" count="0" type="stmt"/>
          <line num="80" count="1" type="stmt"/>
          <line num="87" count="6" type="stmt"/>
          <line num="106" count="1" type="stmt"/>
          <line num="107" count="1" type="stmt"/>
          <line num="112" count="1" type="stmt"/>
        </file>
        <file name="FadeInView.js" path="/Users/hacktiv8/Desktop/ijo/reactnativefirst/src/components/FadeInView.js">
          <metrics statements="5" coveredstatements="5" conditionals="0" coveredconditionals="0" methods="3" coveredmethods="3"/>
          <line num="8" count="1" type="stmt"/>
          <line num="9" count="1" type="stmt"/>
          <line num="14" count="1" type="stmt"/>
          <line num="22" count="1" type="stmt"/>
          <line num="35" count="1" type="stmt"/>
        </file>
        <file name="Footer.js" path="/Users/hacktiv8/Desktop/ijo/reactnativefirst/src/components/Footer.js">
          <metrics statements="2" coveredstatements="2" conditionals="0" coveredconditionals="0" methods="1" coveredmethods="1"/>
          <line num="8" count="2" type="stmt"/>
          <line num="26" count="2" type="stmt"/>
        </file>
        <file name="Navbar.js" path="/Users/hacktiv8/Desktop/ijo/reactnativefirst/src/components/Navbar.js">
          <metrics statements="14" coveredstatements="2" conditionals="6" coveredconditionals="0" methods="6" coveredmethods="1"/>
          <line num="9" count="2" type="stmt"/>
          <line num="22" count="0" type="stmt"/>
          <line num="23" count="0" type="cond" truecount="0" falsecount="2"/>
          <line num="24" count="0" type="stmt"/>
          <line num="25" count="0" type="cond" truecount="0" falsecount="2"/>
          <line num="26" count="0" type="stmt"/>
          <line num="27" count="0" type="cond" truecount="0" falsecount="2"/>
          <line num="28" count="0" type="stmt"/>
          <line num="30" count="0" type="stmt"/>
          <line num="34" count="2" type="stmt"/>
          <line num="36" count="0" type="stmt"/>
          <line num="39" count="0" type="stmt"/>
          <line num="42" count="0" type="stmt"/>
          <line num="45" count="0" type="stmt"/>
        </file>
      </package>
      <package name="reactnativefirst.src.reducers">
        <metrics statements="11" coveredstatements="9" conditionals="6" coveredconditionals="4" methods="2" coveredmethods="2"/>
        <file name="arenaReducer.js" path="/Users/hacktiv8/Desktop/ijo/reactnativefirst/src/reducers/arenaReducer.js">
          <metrics statements="5" coveredstatements="4" conditionals="3" coveredconditionals="2" methods="1" coveredmethods="1"/>
          <line num="5" count="3" type="stmt"/>
          <line num="29" count="3" type="cond" truecount="1" falsecount="0"/>
          <line num="30" count="9" type="cond" truecount="1" falsecount="1"/>
          <line num="32" count="0" type="stmt"/>
          <line num="34" count="9" type="stmt"/>
        </file>
        <file name="cardReducer.js" path="/Users/hacktiv8/Desktop/ijo/reactnativefirst/src/reducers/cardReducer.js">
          <metrics statements="5" coveredstatements="4" conditionals="3" coveredconditionals="2" methods="1" coveredmethods="1"/>
          <line num="5" count="3" type="stmt"/>
          <line num="28" count="3" type="cond" truecount="1" falsecount="0"/>
          <line num="29" count="9" type="cond" truecount="1" falsecount="1"/>
          <line num="31" count="0" type="stmt"/>
          <line num="33" count="9" type="stmt"/>
        </file>
        <file name="index.js" path="/Users/hacktiv8/Desktop/ijo/reactnativefirst/src/reducers/index.js">
          <metrics statements="1" coveredstatements="1" conditionals="0" coveredconditionals="0" methods="0" coveredmethods="0"/>
          <line num="6" count="3" type="stmt"/>
        </file>
      </package>
      <package name="reactnativefirst.src.store">
        <metrics statements="2" coveredstatements="2" conditionals="0" coveredconditionals="0" methods="0" coveredmethods="0"/>
        <file name="manageStore.js" path="/Users/hacktiv8/Desktop/ijo/reactnativefirst/src/store/manageStore.js">
          <metrics statements="2" coveredstatements="2" conditionals="0" coveredconditionals="0" methods="0" coveredmethods="0"/>
          <line num="7" count="3" type="stmt"/>
          <line num="9" count="3" type="stmt"/>
        </file>
      </package>
      <package name="reactnativefirst.src.test">
        <metrics statements="7" coveredstatements="7" conditionals="0" coveredconditionals="0" methods="1" coveredmethods="1"/>
        <file name="setup.js" path="/Users/hacktiv8/Desktop/ijo/reactnativefirst/src/test/setup.js">
          <metrics statements="7" coveredstatements="7" conditionals="0" coveredconditionals="0" methods="1" coveredmethods="1"/>
          <line num="2" count="7" type="stmt"/>
          <line num="3" count="4" type="stmt"/>
          <line num="13" count="7" type="stmt"/>
          <line num="14" count="7" type="stmt"/>
          <line num="15" count="7" type="stmt"/>
          <line num="16" count="7" type="stmt"/>
          <line num="17" count="7" type="stmt"/>
        </file>
      </package>
    </metrics>
  </project>
</coverage>
