{"/Users/hacktiv8/Desktop/ijo/reactnativefirst/index.ios.js": {"path":"/Users/hacktiv8/Desktop/ijo/reactnativefirst/index.ios.js","statementMap":{"0":{"start":{"line":17,"column":4},"end":{"line":30,"column":6}},"1":{"start":{"line":34,"column":15},"end":{"line":51,"column":2}},"2":{"start":{"line":53,"column":0},"end":{"line":53,"column":74}},"3":{"start":{"line":53,"column":56},"end":{"line":53,"column":72}}},"fnMap":{"0":{"name":"(anonymous_0)","decl":{"start":{"line":16,"column":2},"end":{"line":16,"column":3}},"loc":{"start":{"line":16,"column":11},"end":{"line":31,"column":3}},"line":16},"1":{"name":"(anonymous_1)","decl":{"start":{"line":53,"column":50},"end":{"line":53,"column":51}},"loc":{"start":{"line":53,"column":56},"end":{"line":53,"column":72}},"line":53}},"branchMap":{},"s":{"0":1,"1":1,"2":1,"3":0},"f":{"0":1,"1":0},"b":{},"_coverageSchema":"332fd63041d2c1bcb487cc26dd0d5f7d97098a6c","hash":"062d51b3152268ef27316a608f782738b85c2b15"}
,"/Users/hacktiv8/Desktop/ijo/reactnativefirst/src/App.js": {"path":"/Users/hacktiv8/Desktop/ijo/reactnativefirst/src/App.js","statementMap":{"0":{"start":{"line":22,"column":15},"end":{"line":27,"column":1}},"1":{"start":{"line":31,"column":4},"end":{"line":31,"column":32}},"2":{"start":{"line":32,"column":4},"end":{"line":32,"column":38}},"3":{"start":{"line":36,"column":4},"end":{"line":65,"column":5}},"4":{"start":{"line":69,"column":27},"end":{"line":74,"column":1}},"5":{"start":{"line":70,"column":2},"end":{"line":73,"column":3}},"6":{"start":{"line":71,"column":29},"end":{"line":71,"column":56}},"7":{"start":{"line":72,"column":35},"end":{"line":72,"column":68}},"8":{"start":{"line":76,"column":21},"end":{"line":76,"column":59}}},"fnMap":{"0":{"name":"(anonymous_0)","decl":{"start":{"line":30,"column":2},"end":{"line":30,"column":3}},"loc":{"start":{"line":30,"column":22},"end":{"line":33,"column":3}},"line":30},"1":{"name":"(anonymous_1)","decl":{"start":{"line":35,"column":2},"end":{"line":35,"column":3}},"loc":{"start":{"line":35,"column":11},"end":{"line":66,"column":3}},"line":35},"2":{"name":"(anonymous_2)","decl":{"start":{"line":69,"column":27},"end":{"line":69,"column":28}},"loc":{"start":{"line":69,"column":41},"end":{"line":74,"column":1}},"line":69},"3":{"name":"(anonymous_3)","decl":{"start":{"line":71,"column":21},"end":{"line":71,"column":22}},"loc":{"start":{"line":71,"column":27},"end":{"line":71,"column":58}},"line":71},"4":{"name":"(anonymous_4)","decl":{"start":{"line":72,"column":27},"end":{"line":72,"column":28}},"loc":{"start":{"line":72,"column":33},"end":{"line":72,"column":70}},"line":72}},"branchMap":{},"s":{"0":1,"1":1,"2":1,"3":1,"4":1,"5":1,"6":1,"7":1,"8":1},"f":{"0":1,"1":1,"2":1,"3":1,"4":1},"b":{},"_coverageSchema":"332fd63041d2c1bcb487cc26dd0d5f7d97098a6c","hash":"941fcffe73506a7b34b2eb9948aea02ccc0e0db6"}
,"/Users/hacktiv8/Desktop/ijo/reactnativefirst/src/actions/constants.js": {"path":"/Users/hacktiv8/Desktop/ijo/reactnativefirst/src/actions/constants.js","statementMap":{"0":{"start":{"line":1,"column":26},"end":{"line":1,"column":38}},"1":{"start":{"line":2,"column":32},"end":{"line":2,"column":50}}},"fnMap":{},"branchMap":{},"s":{"0":3,"1":3},"f":{},"b":{},"_coverageSchema":"332fd63041d2c1bcb487cc26dd0d5f7d97098a6c","hash":"4507cd333ce7998bd5af3eb2e26d1b771f42941c"}
,"/Users/hacktiv8/Desktop/ijo/reactnativefirst/src/actions/index.js": {"path":"/Users/hacktiv8/Desktop/ijo/reactnativefirst/src/actions/index.js","statementMap":{"0":{"start":{"line":6,"column":25},"end":{"line":11,"column":1}},"1":{"start":{"line":7,"column":2},"end":{"line":10,"column":3}},"2":{"start":{"line":13,"column":31},"end":{"line":25,"column":1}},"3":{"start":{"line":15,"column":2},"end":{"line":24,"column":3}},"4":{"start":{"line":17,"column":4},"end":{"line":23,"column":6}},"5":{"start":{"line":18,"column":18},"end":{"line":18,"column":28}},"6":{"start":{"line":20,"column":6},"end":{"line":20,"column":36}},"7":{"start":{"line":21,"column":6},"end":{"line":21,"column":22}},"8":{"start":{"line":22,"column":6},"end":{"line":22,"column":30}},"9":{"start":{"line":27,"column":30},"end":{"line":32,"column":1}},"10":{"start":{"line":28,"column":2},"end":{"line":31,"column":3}},"11":{"start":{"line":34,"column":37},"end":{"line":46,"column":1}},"12":{"start":{"line":36,"column":2},"end":{"line":45,"column":3}},"13":{"start":{"line":37,"column":4},"end":{"line":37,"column":41}},"14":{"start":{"line":38,"column":4},"end":{"line":44,"column":6}},"15":{"start":{"line":39,"column":18},"end":{"line":39,"column":28}},"16":{"start":{"line":41,"column":6},"end":{"line":41,"column":42}},"17":{"start":{"line":42,"column":6},"end":{"line":42,"column":22}},"18":{"start":{"line":43,"column":6},"end":{"line":43,"column":35}}},"fnMap":{"0":{"name":"(anonymous_0)","decl":{"start":{"line":6,"column":25},"end":{"line":6,"column":26}},"loc":{"start":{"line":6,"column":36},"end":{"line":11,"column":1}},"line":6},"1":{"name":"(anonymous_1)","decl":{"start":{"line":13,"column":31},"end":{"line":13,"column":32}},"loc":{"start":{"line":13,"column":37},"end":{"line":25,"column":1}},"line":13},"2":{"name":"(anonymous_2)","decl":{"start":{"line":15,"column":8},"end":{"line":15,"column":9}},"loc":{"start":{"line":15,"column":22},"end":{"line":24,"column":3}},"line":15},"3":{"name":"(anonymous_3)","decl":{"start":{"line":18,"column":11},"end":{"line":18,"column":12}},"loc":{"start":{"line":18,"column":18},"end":{"line":18,"column":28}},"line":18},"4":{"name":"(anonymous_4)","decl":{"start":{"line":19,"column":11},"end":{"line":19,"column":12}},"loc":{"start":{"line":19,"column":18},"end":{"line":23,"column":5}},"line":19},"5":{"name":"(anonymous_5)","decl":{"start":{"line":27,"column":30},"end":{"line":27,"column":31}},"loc":{"start":{"line":27,"column":42},"end":{"line":32,"column":1}},"line":27},"6":{"name":"(anonymous_6)","decl":{"start":{"line":34,"column":37},"end":{"line":34,"column":38}},"loc":{"start":{"line":34,"column":43},"end":{"line":46,"column":1}},"line":34},"7":{"name":"(anonymous_7)","decl":{"start":{"line":36,"column":8},"end":{"line":36,"column":9}},"loc":{"start":{"line":36,"column":22},"end":{"line":45,"column":3}},"line":36},"8":{"name":"(anonymous_8)","decl":{"start":{"line":39,"column":11},"end":{"line":39,"column":12}},"loc":{"start":{"line":39,"column":18},"end":{"line":39,"column":28}},"line":39},"9":{"name":"(anonymous_9)","decl":{"start":{"line":40,"column":11},"end":{"line":40,"column":12}},"loc":{"start":{"line":40,"column":18},"end":{"line":44,"column":5}},"line":40}},"branchMap":{},"s":{"0":1,"1":0,"2":1,"3":1,"4":1,"5":0,"6":0,"7":0,"8":0,"9":1,"10":0,"11":1,"12":1,"13":1,"14":1,"15":0,"16":0,"17":0,"18":0},"f":{"0":0,"1":1,"2":1,"3":0,"4":0,"5":0,"6":1,"7":1,"8":0,"9":0},"b":{},"_coverageSchema":"332fd63041d2c1bcb487cc26dd0d5f7d97098a6c","hash":"b5a078534f7ae4524a71b0460e5a5d1297c34abe"}
,"/Users/hacktiv8/Desktop/ijo/reactnativefirst/src/components/ArenaDetail.js": {"path":"/Users/hacktiv8/Desktop/ijo/reactnativefirst/src/components/ArenaDetail.js","statementMap":{"0":{"start":{"line":10,"column":15},"end":{"line":60,"column":1}},"1":{"start":{"line":76,"column":4},"end":{"line":76,"column":16}},"2":{"start":{"line":77,"column":4},"end":{"line":77,"column":27}},"3":{"start":{"line":81,"column":4},"end":{"line":100,"column":5}}},"fnMap":{"0":{"name":"(anonymous_0)","decl":{"start":{"line":75,"column":2},"end":{"line":75,"column":3}},"loc":{"start":{"line":75,"column":21},"end":{"line":78,"column":3}},"line":75},"1":{"name":"(anonymous_1)","decl":{"start":{"line":80,"column":2},"end":{"line":80,"column":3}},"loc":{"start":{"line":80,"column":11},"end":{"line":101,"column":3}},"line":80}},"branchMap":{},"s":{"0":1,"1":0,"2":0,"3":0},"f":{"0":0,"1":0},"b":{},"_coverageSchema":"332fd63041d2c1bcb487cc26dd0d5f7d97098a6c","hash":"290d8ad7ef948e18bf95f0bc3b5b324962ca09ed"}
,"/Users/hacktiv8/Desktop/ijo/reactnativefirst/src/components/ArenaList.js": {"path":"/Users/hacktiv8/Desktop/ijo/reactnativefirst/src/components/ArenaList.js","statementMap":{"0":{"start":{"line":14,"column":15},"end":{"line":43,"column":1}},"1":{"start":{"line":47,"column":4},"end":{"line":47,"column":54}},"2":{"start":{"line":48,"column":4},"end":{"line":48,"column":35}},"3":{"start":{"line":52,"column":4},"end":{"line":71,"column":5}},"4":{"start":{"line":57,"column":14},"end":{"line":65,"column":15}},"5":{"start":{"line":58,"column":86},"end":{"line":58,"column":112}},"6":{"start":{"line":76,"column":24},"end":{"line":80,"column":1}},"7":{"start":{"line":77,"column":2},"end":{"line":79,"column":3}},"8":{"start":{"line":82,"column":27},"end":{"line":82,"column":68}}},"fnMap":{"0":{"name":"(anonymous_0)","decl":{"start":{"line":46,"column":2},"end":{"line":46,"column":3}},"loc":{"start":{"line":46,"column":24},"end":{"line":49,"column":3}},"line":46},"1":{"name":"(anonymous_1)","decl":{"start":{"line":51,"column":2},"end":{"line":51,"column":3}},"loc":{"start":{"line":51,"column":11},"end":{"line":73,"column":3}},"line":51},"2":{"name":"(anonymous_2)","decl":{"start":{"line":56,"column":36},"end":{"line":56,"column":37}},"loc":{"start":{"line":56,"column":45},"end":{"line":66,"column":13}},"line":56},"3":{"name":"(anonymous_3)","decl":{"start":{"line":58,"column":79},"end":{"line":58,"column":80}},"loc":{"start":{"line":58,"column":85},"end":{"line":58,"column":113}},"line":58},"4":{"name":"(anonymous_4)","decl":{"start":{"line":76,"column":24},"end":{"line":76,"column":25}},"loc":{"start":{"line":76,"column":35},"end":{"line":80,"column":1}},"line":76}},"branchMap":{},"s":{"0":2,"1":0,"2":0,"3":1,"4":4,"5":0,"6":2,"7":1,"8":2},"f":{"0":0,"1":1,"2":4,"3":0,"4":1},"b":{},"_coverageSchema":"332fd63041d2c1bcb487cc26dd0d5f7d97098a6c","hash":"6255c052100e54db16a5716d9385c9532a5c4964"}
,"/Users/hacktiv8/Desktop/ijo/reactnativefirst/src/components/CamCam.js": {"path":"/Users/hacktiv8/Desktop/ijo/reactnativefirst/src/components/CamCam.js","statementMap":{"0":{"start":{"line":14,"column":4},"end":{"line":25,"column":6}},"1":{"start":{"line":18,"column":12},"end":{"line":18,"column":30}},"2":{"start":{"line":29,"column":20},"end":{"line":29,"column":22}},"3":{"start":{"line":31,"column":4},"end":{"line":33,"column":40}},"4":{"start":{"line":32,"column":22},"end":{"line":32,"column":39}},"5":{"start":{"line":33,"column":20},"end":{"line":33,"column":38}},"6":{"start":{"line":37,"column":15},"end":{"line":55,"column":2}}},"fnMap":{"0":{"name":"(anonymous_0)","decl":{"start":{"line":13,"column":2},"end":{"line":13,"column":3}},"loc":{"start":{"line":13,"column":11},"end":{"line":26,"column":3}},"line":13},"1":{"name":"(anonymous_1)","decl":{"start":{"line":17,"column":15},"end":{"line":17,"column":16}},"loc":{"start":{"line":17,"column":24},"end":{"line":19,"column":11}},"line":17},"2":{"name":"(anonymous_2)","decl":{"start":{"line":28,"column":2},"end":{"line":28,"column":3}},"loc":{"start":{"line":28,"column":16},"end":{"line":34,"column":3}},"line":28},"3":{"name":"(anonymous_3)","decl":{"start":{"line":32,"column":12},"end":{"line":32,"column":13}},"loc":{"start":{"line":32,"column":22},"end":{"line":32,"column":39}},"line":32},"4":{"name":"(anonymous_4)","decl":{"start":{"line":33,"column":13},"end":{"line":33,"column":14}},"loc":{"start":{"line":33,"column":20},"end":{"line":33,"column":38}},"line":33}},"branchMap":{},"s":{"0":0,"1":0,"2":0,"3":0,"4":0,"5":0,"6":1},"f":{"0":0,"1":0,"2":0,"3":0,"4":0},"b":{},"_coverageSchema":"332fd63041d2c1bcb487cc26dd0d5f7d97098a6c","hash":"31d5023550f926e58e9933fce25c3d5b0da78d1e"}
,"/Users/hacktiv8/Desktop/ijo/reactnativefirst/src/components/CardDetail.js": {"path":"/Users/hacktiv8/Desktop/ijo/reactnativefirst/src/components/CardDetail.js","statementMap":{"0":{"start":{"line":10,"column":15},"end":{"line":60,"column":1}},"1":{"start":{"line":73,"column":4},"end":{"line":73,"column":16}},"2":{"start":{"line":74,"column":4},"end":{"line":74,"column":27}},"3":{"start":{"line":78,"column":4},"end":{"line":106,"column":5}}},"fnMap":{"0":{"name":"(anonymous_0)","decl":{"start":{"line":72,"column":2},"end":{"line":72,"column":3}},"loc":{"start":{"line":72,"column":21},"end":{"line":75,"column":3}},"line":72},"1":{"name":"(anonymous_1)","decl":{"start":{"line":77,"column":2},"end":{"line":77,"column":3}},"loc":{"start":{"line":77,"column":11},"end":{"line":107,"column":3}},"line":77}},"branchMap":{},"s":{"0":2,"1":1,"2":1,"3":1},"f":{"0":1,"1":1},"b":{},"_coverageSchema":"332fd63041d2c1bcb487cc26dd0d5f7d97098a6c","hash":"29cdc8f6e1d9aa0d277192a12e64acd484367f8a"}
,"/Users/hacktiv8/Desktop/ijo/reactnativefirst/src/components/CardList.js": {"path":"/Users/hacktiv8/Desktop/ijo/reactnativefirst/src/components/CardList.js","statementMap":{"0":{"start":{"line":15,"column":15},"end":{"line":43,"column":1}},"1":{"start":{"line":47,"column":4},"end":{"line":47,"column":53}},"2":{"start":{"line":48,"column":4},"end":{"line":48,"column":33}},"3":{"start":{"line":52,"column":4},"end":{"line":71,"column":5}},"4":{"start":{"line":57,"column":14},"end":{"line":65,"column":15}},"5":{"start":{"line":58,"column":85},"end":{"line":58,"column":110}},"6":{"start":{"line":76,"column":24},"end":{"line":80,"column":1}},"7":{"start":{"line":77,"column":2},"end":{"line":79,"column":3}},"8":{"start":{"line":82,"column":26},"end":{"line":82,"column":66}}},"fnMap":{"0":{"name":"(anonymous_0)","decl":{"start":{"line":46,"column":2},"end":{"line":46,"column":3}},"loc":{"start":{"line":46,"column":23},"end":{"line":49,"column":3}},"line":46},"1":{"name":"(anonymous_1)","decl":{"start":{"line":51,"column":2},"end":{"line":51,"column":3}},"loc":{"start":{"line":51,"column":11},"end":{"line":73,"column":3}},"line":51},"2":{"name":"(anonymous_2)","decl":{"start":{"line":56,"column":35},"end":{"line":56,"column":36}},"loc":{"start":{"line":56,"column":43},"end":{"line":66,"column":13}},"line":56},"3":{"name":"(anonymous_3)","decl":{"start":{"line":58,"column":78},"end":{"line":58,"column":79}},"loc":{"start":{"line":58,"column":84},"end":{"line":58,"column":111}},"line":58},"4":{"name":"(anonymous_4)","decl":{"start":{"line":76,"column":24},"end":{"line":76,"column":25}},"loc":{"start":{"line":76,"column":35},"end":{"line":80,"column":1}},"line":76}},"branchMap":{},"s":{"0":2,"1":0,"2":0,"3":1,"4":6,"5":0,"6":2,"7":1,"8":2},"f":{"0":0,"1":1,"2":6,"3":0,"4":1},"b":{},"_coverageSchema":"332fd63041d2c1bcb487cc26dd0d5f7d97098a6c","hash":"d2c854d2379918b196fd2c63a5c75a4c899859cd"}
,"/Users/hacktiv8/Desktop/ijo/reactnativefirst/src/components/CardListV2.js": {"path":"/Users/hacktiv8/Desktop/ijo/reactnativefirst/src/components/CardListV2.js","statementMap":{"0":{"start":{"line":15,"column":15},"end":{"line":49,"column":1}},"1":{"start":{"line":51,"column":11},"end":{"line":51,"column":74}},"2":{"start":{"line":51,"column":63},"end":{"line":51,"column":72}},"3":{"start":{"line":54,"column":4},"end":{"line":54,"column":16}},"4":{"start":{"line":57,"column":4},"end":{"line":59,"column":6}},"5":{"start":{"line":66,"column":4},"end":{"line":66,"column":60}},"6":{"start":{"line":67,"column":4},"end":{"line":71,"column":5}},"7":{"start":{"line":68,"column":6},"end":{"line":70,"column":8}},"8":{"start":{"line":75,"column":4},"end":{"line":75,"column":53}},"9":{"start":{"line":76,"column":4},"end":{"line":76,"column":33}},"10":{"start":{"line":80,"column":4},"end":{"line":101,"column":5}},"11":{"start":{"line":87,"column":12},"end":{"line":93,"column":31}},"12":{"start":{"line":87,"column":84},"end":{"line":87,"column":112}},"13":{"start":{"line":106,"column":24},"end":{"line":110,"column":1}},"14":{"start":{"line":107,"column":2},"end":{"line":109,"column":3}},"15":{"start":{"line":112,"column":26},"end":{"line":112,"column":66}}},"fnMap":{"0":{"name":"(anonymous_0)","decl":{"start":{"line":51,"column":51},"end":{"line":51,"column":52}},"loc":{"start":{"line":51,"column":63},"end":{"line":51,"column":72}},"line":51},"1":{"name":"(anonymous_1)","decl":{"start":{"line":53,"column":2},"end":{"line":53,"column":3}},"loc":{"start":{"line":53,"column":21},"end":{"line":62,"column":3}},"line":53},"2":{"name":"(anonymous_2)","decl":{"start":{"line":65,"column":2},"end":{"line":65,"column":3}},"loc":{"start":{"line":65,"column":39},"end":{"line":72,"column":3}},"line":65},"3":{"name":"(anonymous_3)","decl":{"start":{"line":74,"column":2},"end":{"line":74,"column":3}},"loc":{"start":{"line":74,"column":23},"end":{"line":77,"column":3}},"line":74},"4":{"name":"(anonymous_4)","decl":{"start":{"line":79,"column":2},"end":{"line":79,"column":3}},"loc":{"start":{"line":79,"column":11},"end":{"line":103,"column":3}},"line":79},"5":{"name":"(anonymous_5)","decl":{"start":{"line":86,"column":21},"end":{"line":86,"column":22}},"loc":{"start":{"line":87,"column":12},"end":{"line":93,"column":31}},"line":87},"6":{"name":"(anonymous_6)","decl":{"start":{"line":87,"column":77},"end":{"line":87,"column":78}},"loc":{"start":{"line":87,"column":83},"end":{"line":87,"column":113}},"line":87},"7":{"name":"(anonymous_7)","decl":{"start":{"line":106,"column":24},"end":{"line":106,"column":25}},"loc":{"start":{"line":106,"column":35},"end":{"line":110,"column":1}},"line":106}},"branchMap":{"0":{"loc":{"start":{"line":67,"column":4},"end":{"line":71,"column":5}},"type":"if","locations":[{"start":{"line":67,"column":4},"end":{"line":71,"column":5}},{"start":{"line":67,"column":4},"end":{"line":71,"column":5}}],"line":67}},"s":{"0":1,"1":1,"2":0,"3":1,"4":1,"5":0,"6":0,"7":0,"8":0,"9":0,"10":1,"11":6,"12":0,"13":1,"14":1,"15":1},"f":{"0":0,"1":1,"2":0,"3":0,"4":1,"5":6,"6":0,"7":1},"b":{"0":[0,0]},"_coverageSchema":"332fd63041d2c1bcb487cc26dd0d5f7d97098a6c","hash":"d7fd54fa9b62ea1798d1f0ca47f970fb3fe57c9a"}
,"/Users/hacktiv8/Desktop/ijo/reactnativefirst/src/components/FadeInView.js": {"path":"/Users/hacktiv8/Desktop/ijo/reactnativefirst/src/components/FadeInView.js","statementMap":{"0":{"start":{"line":8,"column":4},"end":{"line":8,"column":17}},"1":{"start":{"line":9,"column":4},"end":{"line":11,"column":6}},"2":{"start":{"line":14,"column":4},"end":{"line":19,"column":14}},"3":{"start":{"line":22,"column":4},"end":{"line":31,"column":6}},"4":{"start":{"line":35,"column":0},"end":{"line":35,"column":28}}},"fnMap":{"0":{"name":"(anonymous_0)","decl":{"start":{"line":7,"column":2},"end":{"line":7,"column":3}},"loc":{"start":{"line":7,"column":21},"end":{"line":12,"column":3}},"line":7},"1":{"name":"(anonymous_1)","decl":{"start":{"line":13,"column":2},"end":{"line":13,"column":3}},"loc":{"start":{"line":13,"column":22},"end":{"line":20,"column":3}},"line":13},"2":{"name":"(anonymous_2)","decl":{"start":{"line":21,"column":2},"end":{"line":21,"column":3}},"loc":{"start":{"line":21,"column":11},"end":{"line":32,"column":3}},"line":21}},"branchMap":{},"s":{"0":1,"1":1,"2":1,"3":1,"4":1},"f":{"0":1,"1":1,"2":1},"b":{},"_coverageSchema":"332fd63041d2c1bcb487cc26dd0d5f7d97098a6c","hash":"1ff35eb960b8bffde9beb011205fc4227aae0f67"}
,"/Users/hacktiv8/Desktop/ijo/reactnativefirst/src/components/Footer.js": {"path":"/Users/hacktiv8/Desktop/ijo/reactnativefirst/src/components/Footer.js","statementMap":{"0":{"start":{"line":8,"column":15},"end":{"line":21,"column":1}},"1":{"start":{"line":26,"column":4},"end":{"line":30,"column":5}}},"fnMap":{"0":{"name":"(anonymous_0)","decl":{"start":{"line":25,"column":2},"end":{"line":25,"column":3}},"loc":{"start":{"line":25,"column":11},"end":{"line":31,"column":3}},"line":25}},"branchMap":{},"s":{"0":2,"1":2},"f":{"0":2},"b":{},"_coverageSchema":"332fd63041d2c1bcb487cc26dd0d5f7d97098a6c","hash":"2c1c2d4d15d64d870353dc2f08d7de3215a4bb10"}
,"/Users/hacktiv8/Desktop/ijo/reactnativefirst/src/components/Navbar.js": {"path":"/Users/hacktiv8/Desktop/ijo/reactnativefirst/src/components/Navbar.js","statementMap":{"0":{"start":{"line":9,"column":15},"end":{"line":17,"column":1}},"1":{"start":{"line":22,"column":4},"end":{"line":22,"column":33}},"2":{"start":{"line":23,"column":4},"end":{"line":30,"column":22}},"3":{"start":{"line":24,"column":6},"end":{"line":24,"column":21}},"4":{"start":{"line":25,"column":9},"end":{"line":30,"column":22}},"5":{"start":{"line":26,"column":6},"end":{"line":26,"column":22}},"6":{"start":{"line":27,"column":9},"end":{"line":30,"column":22}},"7":{"start":{"line":28,"column":6},"end":{"line":28,"column":22}},"8":{"start":{"line":30,"column":6},"end":{"line":30,"column":22}},"9":{"start":{"line":34,"column":4},"end":{"line":49,"column":5}},"10":{"start":{"line":36,"column":56},"end":{"line":36,"column":84}},"11":{"start":{"line":39,"column":42},"end":{"line":39,"column":71}},"12":{"start":{"line":42,"column":42},"end":{"line":42,"column":71}},"13":{"start":{"line":45,"column":42},"end":{"line":45,"column":71}}},"fnMap":{"0":{"name":"(anonymous_0)","decl":{"start":{"line":21,"column":19},"end":{"line":21,"column":20}},"loc":{"start":{"line":21,"column":28},"end":{"line":31,"column":3}},"line":21},"1":{"name":"(anonymous_1)","decl":{"start":{"line":33,"column":2},"end":{"line":33,"column":3}},"loc":{"start":{"line":33,"column":11},"end":{"line":50,"column":3}},"line":33},"2":{"name":"(anonymous_2)","decl":{"start":{"line":36,"column":49},"end":{"line":36,"column":50}},"loc":{"start":{"line":36,"column":55},"end":{"line":36,"column":85}},"line":36},"3":{"name":"(anonymous_3)","decl":{"start":{"line":39,"column":35},"end":{"line":39,"column":36}},"loc":{"start":{"line":39,"column":41},"end":{"line":39,"column":72}},"line":39},"4":{"name":"(anonymous_4)","decl":{"start":{"line":42,"column":35},"end":{"line":42,"column":36}},"loc":{"start":{"line":42,"column":41},"end":{"line":42,"column":72}},"line":42},"5":{"name":"(anonymous_5)","decl":{"start":{"line":45,"column":35},"end":{"line":45,"column":36}},"loc":{"start":{"line":45,"column":41},"end":{"line":45,"column":72}},"line":45}},"branchMap":{"0":{"loc":{"start":{"line":23,"column":4},"end":{"line":30,"column":22}},"type":"if","locations":[{"start":{"line":23,"column":4},"end":{"line":30,"column":22}},{"start":{"line":23,"column":4},"end":{"line":30,"column":22}}],"line":23},"1":{"loc":{"start":{"line":25,"column":9},"end":{"line":30,"column":22}},"type":"if","locations":[{"start":{"line":25,"column":9},"end":{"line":30,"column":22}},{"start":{"line":25,"column":9},"end":{"line":30,"column":22}}],"line":25},"2":{"loc":{"start":{"line":27,"column":9},"end":{"line":30,"column":22}},"type":"if","locations":[{"start":{"line":27,"column":9},"end":{"line":30,"column":22}},{"start":{"line":27,"column":9},"end":{"line":30,"column":22}}],"line":27}},"s":{"0":2,"1":0,"2":0,"3":0,"4":0,"5":0,"6":0,"7":0,"8":0,"9":2,"10":0,"11":0,"12":0,"13":0},"f":{"0":0,"1":2,"2":0,"3":0,"4":0,"5":0},"b":{"0":[0,0],"1":[0,0],"2":[0,0]},"_coverageSchema":"332fd63041d2c1bcb487cc26dd0d5f7d97098a6c","hash":"9e11a2d6eafca3ad581c13b54beeb80321e3e61b"}
,"/Users/hacktiv8/Desktop/ijo/reactnativefirst/src/reducers/arenaReducer.js": {"path":"/Users/hacktiv8/Desktop/ijo/reactnativefirst/src/reducers/arenaReducer.js","statementMap":{"0":{"start":{"line":5,"column":21},"end":{"line":27,"column":1}},"1":{"start":{"line":29,"column":21},"end":{"line":36,"column":1}},"2":{"start":{"line":30,"column":2},"end":{"line":35,"column":3}},"3":{"start":{"line":32,"column":6},"end":{"line":32,"column":44}},"4":{"start":{"line":34,"column":13},"end":{"line":34,"column":25}}},"fnMap":{"0":{"name":"(anonymous_0)","decl":{"start":{"line":29,"column":21},"end":{"line":29,"column":22}},"loc":{"start":{"line":29,"column":53},"end":{"line":36,"column":1}},"line":29}},"branchMap":{"0":{"loc":{"start":{"line":29,"column":22},"end":{"line":29,"column":40}},"type":"default-arg","locations":[{"start":{"line":29,"column":28},"end":{"line":29,"column":40}}],"line":29},"1":{"loc":{"start":{"line":30,"column":2},"end":{"line":35,"column":3}},"type":"switch","locations":[{"start":{"line":31,"column":4},"end":{"line":33,"column":5}},{"start":{"line":34,"column":4},"end":{"line":34,"column":25}}],"line":30}},"s":{"0":3,"1":3,"2":9,"3":0,"4":9},"f":{"0":9},"b":{"0":[9],"1":[0,9]},"_coverageSchema":"332fd63041d2c1bcb487cc26dd0d5f7d97098a6c","hash":"a1faac8f7f33dc6245020572aeb75b8f5756feea"}
,"/Users/hacktiv8/Desktop/ijo/reactnativefirst/src/reducers/cardReducer.js": {"path":"/Users/hacktiv8/Desktop/ijo/reactnativefirst/src/reducers/cardReducer.js","statementMap":{"0":{"start":{"line":5,"column":21},"end":{"line":26,"column":1}},"1":{"start":{"line":28,"column":20},"end":{"line":35,"column":1}},"2":{"start":{"line":29,"column":2},"end":{"line":34,"column":3}},"3":{"start":{"line":31,"column":6},"end":{"line":31,"column":43}},"4":{"start":{"line":33,"column":13},"end":{"line":33,"column":25}}},"fnMap":{"0":{"name":"(anonymous_0)","decl":{"start":{"line":28,"column":20},"end":{"line":28,"column":21}},"loc":{"start":{"line":28,"column":52},"end":{"line":35,"column":1}},"line":28}},"branchMap":{"0":{"loc":{"start":{"line":28,"column":21},"end":{"line":28,"column":39}},"type":"default-arg","locations":[{"start":{"line":28,"column":27},"end":{"line":28,"column":39}}],"line":28},"1":{"loc":{"start":{"line":29,"column":2},"end":{"line":34,"column":3}},"type":"switch","locations":[{"start":{"line":30,"column":4},"end":{"line":32,"column":5}},{"start":{"line":33,"column":4},"end":{"line":33,"column":25}}],"line":29}},"s":{"0":3,"1":3,"2":9,"3":0,"4":9},"f":{"0":9},"b":{"0":[9],"1":[0,9]},"_coverageSchema":"332fd63041d2c1bcb487cc26dd0d5f7d97098a6c","hash":"d9c970fc87d665e8f57fbb6f97a608aef12377e6"}
,"/Users/hacktiv8/Desktop/ijo/reactnativefirst/src/reducers/index.js": {"path":"/Users/hacktiv8/Desktop/ijo/reactnativefirst/src/reducers/index.js","statementMap":{"0":{"start":{"line":6,"column":17},"end":{"line":9,"column":2}}},"fnMap":{},"branchMap":{},"s":{"0":3},"f":{},"b":{},"_coverageSchema":"332fd63041d2c1bcb487cc26dd0d5f7d97098a6c","hash":"c70f08e68bfa32717668e037fd9f33e73f737d57"}
,"/Users/hacktiv8/Desktop/ijo/reactnativefirst/src/store/manageStore.js": {"path":"/Users/hacktiv8/Desktop/ijo/reactnativefirst/src/store/manageStore.js","statementMap":{"0":{"start":{"line":7,"column":20},"end":{"line":7,"column":52}},"1":{"start":{"line":9,"column":14},"end":{"line":9,"column":47}}},"fnMap":{},"branchMap":{},"s":{"0":3,"1":3},"f":{},"b":{},"_coverageSchema":"332fd63041d2c1bcb487cc26dd0d5f7d97098a6c","hash":"85c80821da5358ba32e39fd4be5c597051290377"}
,"/Users/hacktiv8/Desktop/ijo/reactnativefirst/src/test/setup.js": {"path":"/Users/hacktiv8/Desktop/ijo/reactnativefirst/src/test/setup.js","statementMap":{"0":{"start":{"line":2,"column":0},"end":{"line":10,"column":2}},"1":{"start":{"line":3,"column":2},"end":{"line":9,"column":3}},"2":{"start":{"line":13,"column":44},"end":{"line":13,"column":67}},"3":{"start":{"line":14,"column":0},"end":{"line":14,"column":27}},"4":{"start":{"line":15,"column":0},"end":{"line":15,"column":25}},"5":{"start":{"line":16,"column":0},"end":{"line":16,"column":25}},"6":{"start":{"line":17,"column":0},"end":{"line":17,"column":21}}},"fnMap":{"0":{"name":"(anonymous_0)","decl":{"start":{"line":2,"column":21},"end":{"line":2,"column":22}},"loc":{"start":{"line":2,"column":27},"end":{"line":10,"column":1}},"line":2}},"branchMap":{},"s":{"0":7,"1":4,"2":7,"3":7,"4":7,"5":7,"6":7},"f":{"0":4},"b":{},"_coverageSchema":"332fd63041d2c1bcb487cc26dd0d5f7d97098a6c","hash":"2b1742f81fffaa623e1e079dbdf7b4d84d7f1bee"}
}
