TN:
SF:/Users/hacktiv8/Desktop/ijo/reactnativefirst/index.ios.js
FN:16,(anonymous_0)
FN:53,(anonymous_1)
FNF:2
FNH:1
FNDA:1,(anonymous_0)
FNDA:0,(anonymous_1)
DA:17,1
DA:34,1
DA:53,1
LF:3
LH:3
BRF:0
BRH:0
end_of_record
TN:
SF:/Users/hacktiv8/Desktop/ijo/reactnativefirst/src/App.js
FN:30,(anonymous_0)
FN:35,(anonymous_1)
FN:69,(anonymous_2)
FN:71,(anonymous_3)
FN:72,(anonymous_4)
FNF:5
FNH:5
FNDA:1,(anonymous_0)
FNDA:1,(anonymous_1)
FNDA:1,(anonymous_2)
FNDA:1,(anonymous_3)
FNDA:1,(anonymous_4)
DA:22,1
DA:31,1
DA:32,1
DA:36,1
DA:69,1
DA:70,1
DA:71,1
DA:72,1
DA:76,1
LF:9
LH:9
BRF:0
BRH:0
end_of_record
TN:
SF:/Users/hacktiv8/Desktop/ijo/reactnativefirst/src/actions/constants.js
FNF:0
FNH:0
DA:1,3
DA:2,3
LF:2
LH:2
BRF:0
BRH:0
end_of_record
TN:
SF:/Users/hacktiv8/Desktop/ijo/reactnativefirst/src/actions/index.js
FN:6,(anonymous_0)
FN:13,(anonymous_1)
FN:15,(anonymous_2)
FN:18,(anonymous_3)
FN:19,(anonymous_4)
FN:27,(anonymous_5)
FN:34,(anonymous_6)
FN:36,(anonymous_7)
FN:39,(anonymous_8)
FN:40,(anonymous_9)
FNF:10
FNH:4
FNDA:0,(anonymous_0)
FNDA:1,(anonymous_1)
FNDA:1,(anonymous_2)
FNDA:0,(anonymous_3)
FNDA:0,(anonymous_4)
FNDA:0,(anonymous_5)
FNDA:1,(anonymous_6)
FNDA:1,(anonymous_7)
FNDA:0,(anonymous_8)
FNDA:0,(anonymous_9)
DA:6,1
DA:7,0
DA:13,1
DA:15,1
DA:17,1
DA:18,0
DA:20,0
DA:21,0
DA:22,0
DA:27,1
DA:28,0
DA:34,1
DA:36,1
DA:37,1
DA:38,1
DA:39,0
DA:41,0
DA:42,0
DA:43,0
LF:19
LH:9
BRF:0
BRH:0
end_of_record
TN:
SF:/Users/hacktiv8/Desktop/ijo/reactnativefirst/src/components/ArenaDetail.js
FN:75,(anonymous_0)
FN:80,(anonymous_1)
FNF:2
FNH:0
FNDA:0,(anonymous_0)
FNDA:0,(anonymous_1)
DA:10,1
DA:76,0
DA:77,0
DA:81,0
LF:4
LH:1
BRF:0
BRH:0
end_of_record
TN:
SF:/Users/hacktiv8/Desktop/ijo/reactnativefirst/src/components/ArenaList.js
FN:46,(anonymous_0)
FN:51,(anonymous_1)
FN:56,(anonymous_2)
FN:58,(anonymous_3)
FN:76,(anonymous_4)
FNF:5
FNH:3
FNDA:0,(anonymous_0)
FNDA:1,(anonymous_1)
FNDA:4,(anonymous_2)
FNDA:0,(anonymous_3)
FNDA:1,(anonymous_4)
DA:14,2
DA:47,0
DA:48,0
DA:52,1
DA:57,4
DA:58,0
DA:76,2
DA:77,1
DA:82,2
LF:9
LH:6
BRF:0
BRH:0
end_of_record
TN:
SF:/Users/hacktiv8/Desktop/ijo/reactnativefirst/src/components/CamCam.js
FN:13,(anonymous_0)
FN:17,(anonymous_1)
FN:28,(anonymous_2)
FN:32,(anonymous_3)
FN:33,(anonymous_4)
FNF:5
FNH:0
FNDA:0,(anonymous_0)
FNDA:0,(anonymous_1)
FNDA:0,(anonymous_2)
FNDA:0,(anonymous_3)
FNDA:0,(anonymous_4)
DA:14,0
DA:18,0
DA:29,0
DA:31,0
DA:32,0
DA:33,0
DA:37,1
LF:7
LH:1
BRF:0
BRH:0
end_of_record
TN:
SF:/Users/hacktiv8/Desktop/ijo/reactnativefirst/src/components/CardDetail.js
FN:72,(anonymous_0)
FN:77,(anonymous_1)
FNF:2
FNH:2
FNDA:1,(anonymous_0)
FNDA:1,(anonymous_1)
DA:10,2
DA:73,1
DA:74,1
DA:78,1
LF:4
LH:4
BRF:0
BRH:0
end_of_record
TN:
SF:/Users/hacktiv8/Desktop/ijo/reactnativefirst/src/components/CardList.js
FN:46,(anonymous_0)
FN:51,(anonymous_1)
FN:56,(anonymous_2)
FN:58,(anonymous_3)
FN:76,(anonymous_4)
FNF:5
FNH:3
FNDA:0,(anonymous_0)
FNDA:1,(anonymous_1)
FNDA:6,(anonymous_2)
FNDA:0,(anonymous_3)
FNDA:1,(anonymous_4)
DA:15,2
DA:47,0
DA:48,0
DA:52,1
DA:57,6
DA:58,0
DA:76,2
DA:77,1
DA:82,2
LF:9
LH:6
BRF:0
BRH:0
end_of_record
TN:
SF:/Users/hacktiv8/Desktop/ijo/reactnativefirst/src/components/CardListV2.js
FN:51,(anonymous_0)
FN:53,(anonymous_1)
FN:65,(anonymous_2)
FN:74,(anonymous_3)
FN:79,(anonymous_4)
FN:86,(anonymous_5)
FN:87,(anonymous_6)
FN:106,(anonymous_7)
FNF:8
FNH:4
FNDA:0,(anonymous_0)
FNDA:1,(anonymous_1)
FNDA:0,(anonymous_2)
FNDA:0,(anonymous_3)
FNDA:1,(anonymous_4)
FNDA:6,(anonymous_5)
FNDA:0,(anonymous_6)
FNDA:1,(anonymous_7)
DA:15,1
DA:51,1
DA:54,1
DA:57,1
DA:66,0
DA:67,0
DA:68,0
DA:75,0
DA:76,0
DA:80,1
DA:87,6
DA:106,1
DA:107,1
DA:112,1
LF:14
LH:9
BRDA:67,0,0,0
BRDA:67,0,1,0
BRF:2
BRH:0
end_of_record
TN:
SF:/Users/hacktiv8/Desktop/ijo/reactnativefirst/src/components/FadeInView.js
FN:7,(anonymous_0)
FN:13,(anonymous_1)
FN:21,(anonymous_2)
FNF:3
FNH:3
FNDA:1,(anonymous_0)
FNDA:1,(anonymous_1)
FNDA:1,(anonymous_2)
DA:8,1
DA:9,1
DA:14,1
DA:22,1
DA:35,1
LF:5
LH:5
BRF:0
BRH:0
end_of_record
TN:
SF:/Users/hacktiv8/Desktop/ijo/reactnativefirst/src/components/Footer.js
FN:25,(anonymous_0)
FNF:1
FNH:1
FNDA:2,(anonymous_0)
DA:8,2
DA:26,2
LF:2
LH:2
BRF:0
BRH:0
end_of_record
TN:
SF:/Users/hacktiv8/Desktop/ijo/reactnativefirst/src/components/Navbar.js
FN:21,(anonymous_0)
FN:33,(anonymous_1)
FN:36,(anonymous_2)
FN:39,(anonymous_3)
FN:42,(anonymous_4)
FN:45,(anonymous_5)
FNF:6
FNH:1
FNDA:0,(anonymous_0)
FNDA:2,(anonymous_1)
FNDA:0,(anonymous_2)
FNDA:0,(anonymous_3)
FNDA:0,(anonymous_4)
FNDA:0,(anonymous_5)
DA:9,2
DA:22,0
DA:23,0
DA:24,0
DA:25,0
DA:26,0
DA:27,0
DA:28,0
DA:30,0
DA:34,2
DA:36,0
DA:39,0
DA:42,0
DA:45,0
LF:14
LH:2
BRDA:23,0,0,0
BRDA:23,0,1,0
BRDA:25,1,0,0
BRDA:25,1,1,0
BRDA:27,2,0,0
BRDA:27,2,1,0
BRF:6
BRH:0
end_of_record
TN:
SF:/Users/hacktiv8/Desktop/ijo/reactnativefirst/src/reducers/arenaReducer.js
FN:29,(anonymous_0)
FNF:1
FNH:1
FNDA:9,(anonymous_0)
DA:5,3
DA:29,3
DA:30,9
DA:32,0
DA:34,9
LF:5
LH:4
BRDA:29,0,0,9
BRDA:30,1,0,0
BRDA:30,1,1,9
BRF:3
BRH:2
end_of_record
TN:
SF:/Users/hacktiv8/Desktop/ijo/reactnativefirst/src/reducers/cardReducer.js
FN:28,(anonymous_0)
FNF:1
FNH:1
FNDA:9,(anonymous_0)
DA:5,3
DA:28,3
DA:29,9
DA:31,0
DA:33,9
LF:5
LH:4
BRDA:28,0,0,9
BRDA:29,1,0,0
BRDA:29,1,1,9
BRF:3
BRH:2
end_of_record
TN:
SF:/Users/hacktiv8/Desktop/ijo/reactnativefirst/src/reducers/index.js
FNF:0
FNH:0
DA:6,3
LF:1
LH:1
BRF:0
BRH:0
end_of_record
TN:
SF:/Users/hacktiv8/Desktop/ijo/reactnativefirst/src/store/manageStore.js
FNF:0
FNH:0
DA:7,3
DA:9,3
LF:2
LH:2
BRF:0
BRH:0
end_of_record
TN:
SF:/Users/hacktiv8/Desktop/ijo/reactnativefirst/src/test/setup.js
FN:2,(anonymous_0)
FNF:1
FNH:1
FNDA:4,(anonymous_0)
DA:2,7
DA:3,4
DA:13,7
DA:14,7
DA:15,7
DA:16,7
DA:17,7
LF:7
LH:7
BRF:0
BRH:0
end_of_record
